#
# A fatal error has been detected by the Java Runtime Environment:
#
#  EXCEPTION_ACCESS_VIOLATION (0xc0000005) at pc=0x000000006d37b197, pid=10128, tid=6436
#
# JRE version: 6.0_45-b06
# Java VM: Java HotSpot(TM) 64-Bit Server VM (20.45-b01 mixed mode windows-amd64 compressed oops)
# Problematic frame:
# C  [fontmanager.dll+0x3b197]
#
# If you would like to submit a bug report, please visit:
#   http://java.sun.com/webapps/bugreport/crash.jsp
# The crash happened outside the Java Virtual Machine in native code.
# See problematic frame for where to report the bug.
#

---------------  T H R E A D  ---------------

Current thread (0x0000000007f53800):  JavaThread "AWT-EventQueue-0" [_thread_in_native, id=6436, stack(0x0000000008d60000,0x0000000008e60000)]

siginfo: ExceptionCode=0xc0000005, reading address 0x000000001458ade5

Registers:
RAX=0x000000000000f300, RBX=0x000000001458ade3, RCX=0x000000000000f300, RDX=0x0000000000000000
RSP=0x0000000008e5c1b0, RBP=0x0000000014570001, RSI=0x0000000008e5c600, RDI=0x0000000008e50000
R8 =0x0000000008e5c140, R9 =0x0000000000000000, R10=0x0000000000000000, R11=0x0000000000000000
R12=0x000000001457badf, R13=0x0000000000000069, R14=0x0000000000000000, R15=0x000000000000eb03
RIP=0x000000006d37b197, EFLAGS=0x0000000000010212

Top of Stack: (sp=0x0000000008e5c1b0)
0x0000000008e5c1b0:   0000000008e5c1b0 00000006fd26006f
0x0000000008e5c1c0:   0000000008e5c210 00000006fd260b08
0x0000000008e5c1d0:   0000000008e5ca44 00000006fd260098
0x0000000008e5c1e0:   000000000000002f 0000000008e5c208
0x0000000008e5c1f0:   0000000008e5ca70 0000000047535542
0x0000000008e5c200:   0000000008e5c330 000000001457a97e
0x0000000008e5c210:   0000000000006bb8 0000000008e5c218
0x0000000008e5c220:   00000006fcb15f05 0000000008e5c270
0x0000000008e5c230:   00000006fcb23ea8 0000000000000000
0x0000000008e5c240:   0000000008e5ca70 0000000047535542
0x0000000008e5c250:   0000000008e5c798 000000001457a3a4
0x0000000008e5c260:   0000000000007192 0000000000000029
0x0000000008e5c270:   00000007ac215b90 000000000000000a
0x0000000008e5c280:   0000000000000000 0000000008e5c600
0x0000000008e5c290:   0000000000000007 000000006d37d3a8
0x0000000008e5c2a0:   0000000008e5c720 0000000000000006 

Instructions: (pc=0x000000006d37b197)
0x000000006d37b177:   0f b7 c5 41 0f b7 4c 44 02 0f b7 c1 66 c1 e1 08
0x000000006d37b187:   66 c1 e8 08 0f b6 d8 0f b7 c1 48 0b d8 49 03 dc
0x000000006d37b197:   0f b7 4b 02 44 0f b7 e9 66 c1 e1 08 66 41 c1 ed
0x000000006d37b1a7:   08 66 44 0b e9 48 8b ce e8 28 9e ff ff 0f b7 13 


Register to memory mapping:

RAX=0x000000000000f300 is an unknown value
RBX=0x000000001458ade3 is an unknown value
RCX=0x000000000000f300 is an unknown value
RDX=0x0000000000000000 is an unknown value
RSP=0x0000000008e5c1b0 is pointing into the stack for thread: 0x0000000007f53800
RBP=0x0000000014570001 is an unknown value
RSI=0x0000000008e5c600 is pointing into the stack for thread: 0x0000000007f53800
RDI=0x0000000008e50000 is pointing into the stack for thread: 0x0000000007f53800
R8 =0x0000000008e5c140 is pointing into the stack for thread: 0x0000000007f53800
R9 =0x0000000000000000 is an unknown value
R10=0x0000000000000000 is an unknown value
R11=0x0000000000000000 is an unknown value
R12=0x000000001457badf is an unknown value
R13=0x0000000000000069 is an unknown value
R14=0x0000000000000000 is an unknown value
R15=0x000000000000eb03 is an unknown value


Stack: [0x0000000008d60000,0x0000000008e60000],  sp=0x0000000008e5c1b0,  free space=1008k
Native frames: (J=compiled Java code, j=interpreted, Vv=VM code, C=native code)
C  [fontmanager.dll+0x3b197]  Java_sun_font_FileFontStrike__1getGlyphImageFromWindows+0xdf37

Java frames: (J=compiled Java code, j=interpreted, Vv=VM code)
j  sun.font.SunLayoutEngine.nativeLayout(Lsun/font/Font2D;Lsun/font/FontStrike;[FII[CIIIIIIILjava/awt/geom/Point2D$Float;Lsun/font/GlyphLayout$GVData;)V+0
j  sun.font.SunLayoutEngine.layout(Lsun/font/FontStrikeDesc;[FIILsun/font/TextRecord;ILjava/awt/geom/Point2D$Float;Lsun/font/GlyphLayout$GVData;)V+70
j  sun.font.GlyphLayout$EngineRecord.layout()V+95
j  sun.font.GlyphLayout.layout(Ljava/awt/Font;Ljava/awt/font/FontRenderContext;[CIIILsun/font/StandardGlyphVector;)Lsun/font/StandardGlyphVector;+541
j  sun.font.ExtendedTextSourceLabel.createGV()Lsun/font/StandardGlyphVector;+63
j  sun.font.ExtendedTextSourceLabel.getGV()Lsun/font/StandardGlyphVector;+9
j  sun.font.ExtendedTextSourceLabel.createLogicalBounds()Ljava/awt/geom/Rectangle2D;+1
j  sun.font.ExtendedTextSourceLabel.getAdvance()F+9
j  java.awt.font.TextLine.init()V+626
j  java.awt.font.TextLine.<init>(Ljava/awt/font/FontRenderContext;[Lsun/font/TextLineComponent;[F[CII[I[BZ)V+79
j  java.awt.font.TextLine.fastCreateTextLine(Ljava/awt/font/FontRenderContext;[CLjava/awt/Font;Lsun/font/CoreMetrics;Ljava/util/Map;)Ljava/awt/font/TextLine;+337
j  java.awt.font.TextLayout.fastInit([CLjava/awt/Font;Ljava/util/Map;Ljava/awt/font/FontRenderContext;)V+83
j  java.awt.font.TextLayout.<init>(Ljava/lang/String;Ljava/awt/Font;Ljava/awt/font/FontRenderContext;)V+124
j  sun.font.FontDesignMetrics.stringWidth(Ljava/lang/String;)I+121
j  sun.swing.SwingUtilities2.stringWidth(Ljavax/swing/JComponent;Ljava/awt/FontMetrics;Ljava/lang/String;)I+17
j  javax.swing.SwingUtilities.layoutCompoundLabelImpl(Ljavax/swing/JComponent;Ljava/awt/FontMetrics;Ljava/lang/String;Ljavax/swing/Icon;IIIILjava/awt/Rectangle;Ljava/awt/Rectangle;Ljava/awt/Rectangle;I)Ljava/lang/String;+200
j  javax.swing.SwingUtilities.layoutCompoundLabel(Ljavax/swing/JComponent;Ljava/awt/FontMetrics;Ljava/lang/String;Ljavax/swing/Icon;IIIILjava/awt/Rectangle;Ljava/awt/Rectangle;Ljava/awt/Rectangle;I)Ljava/lang/String;+159
j  javax.swing.plaf.basic.BasicLabelUI.layoutCL(Ljavax/swing/JLabel;Ljava/awt/FontMetrics;Ljava/lang/String;Ljavax/swing/Icon;Ljava/awt/Rectangle;Ljava/awt/Rectangle;Ljava/awt/Rectangle;)Ljava/lang/String;+31
j  javax.swing.plaf.basic.BasicLabelUI.getPreferredSize(Ljavax/swing/JComponent;)Ljava/awt/Dimension;+265
j  javax.swing.JComponent.getPreferredSize()Ljava/awt/Dimension;+26
j  javax.swing.plaf.basic.BasicListUI.updateLayoutState()V+162
j  javax.swing.plaf.basic.BasicListUI.maybeUpdateLayoutState()V+8
j  javax.swing.plaf.basic.BasicListUI$Handler.valueChanged(Ljavax/swing/event/ListSelectionEvent;)V+4
j  javax.swing.DefaultListSelectionModel.fireValueChanged(IIZ)V+65
j  javax.swing.DefaultListSelectionModel.fireValueChanged(II)V+7
j  javax.swing.DefaultListSelectionModel.fireValueChanged()V+70
j  javax.swing.DefaultListSelectionModel.changeSelection(IIIIZ)V+92
j  javax.swing.DefaultListSelectionModel.changeSelection(IIII)V+7
j  javax.swing.DefaultListSelectionModel.setSelectionInterval(II)V+59
j  javax.swing.JList.setSelectedIndex(I)V+20
j  javax.swing.plaf.basic.BasicComboPopup.setListSelection(I)V+20
j  javax.swing.plaf.basic.BasicComboPopup.access$300(Ljavax/swing/plaf/basic/BasicComboPopup;I)V+2
j  javax.swing.plaf.basic.BasicComboPopup$Handler.itemStateChanged(Ljava/awt/event/ItemEvent;)V+24
j  javax.swing.JComboBox.fireItemStateChanged(Ljava/awt/event/ItemEvent;)V+35
j  javax.swing.JComboBox.selectedItemChanged()V+64
j  javax.swing.JComboBox.contentsChanged(Ljavax/swing/event/ListDataEvent;)V+28
j  javax.swing.AbstractListModel.fireContentsChanged(Ljava/lang/Object;II)V+65
j  com.sun.java.swing.plaf.windows.WindowsFileChooserUI$DirectoryComboBoxModel.setSelectedItem(Ljava/lang/Object;)V+12
j  com.sun.java.swing.plaf.windows.WindowsFileChooserUI$DirectoryComboBoxModel.addItem(Ljava/io/File;)V+234
j  com.sun.java.swing.plaf.windows.WindowsFileChooserUI$DirectoryComboBoxModel.access$1100(Lcom/sun/java/swing/plaf/windows/WindowsFileChooserUI$DirectoryComboBoxModel;Ljava/io/File;)V+2
j  com.sun.java.swing.plaf.windows.WindowsFileChooserUI.doDirectoryChanged(Ljava/beans/PropertyChangeEvent;)V+31
j  com.sun.java.swing.plaf.windows.WindowsFileChooserUI.access$1400(Lcom/sun/java/swing/plaf/windows/WindowsFileChooserUI;Ljava/beans/PropertyChangeEvent;)V+2
j  com.sun.java.swing.plaf.windows.WindowsFileChooserUI$8.propertyChange(Ljava/beans/PropertyChangeEvent;)V+59
j  java.beans.PropertyChangeSupport.firePropertyChange(Ljava/beans/PropertyChangeEvent;)V+73
j  java.beans.PropertyChangeSupport.firePropertyChange(Ljava/lang/String;Ljava/lang/Object;Ljava/lang/Object;)V+32
j  java.awt.Component.firePropertyChange(Ljava/lang/String;Ljava/lang/Object;Ljava/lang/Object;)V+55
j  javax.swing.JFileChooser.setCurrentDirectory(Ljava/io/File;)V+94
j  javax.swing.JFileChooser.<init>(Ljava/io/File;Ljavax/swing/filechooser/FileSystemView;)V+138
j  javax.swing.JFileChooser.<init>()V+9
j  bridgedesigner.BDView.postInitComponents()V+177
j  bridgedesigner.BDView.<init>(Lbridgedesigner/SingleFrameApplication;)V+40
j  bridgedesigner.BDApp.startup()V+111
j  org.jdesktop.application.Application$1.run()V+24
j  java.awt.event.InvocationEvent.dispatch()V+47
j  java.awt.EventQueue.dispatchEventImpl(Ljava/awt/AWTEvent;Ljava/lang/Object;)V+21
j  java.awt.EventQueue.access$400(Ljava/awt/EventQueue;Ljava/awt/AWTEvent;Ljava/lang/Object;)V+3
j  java.awt.EventQueue$2.run()Ljava/lang/Void;+12
j  java.awt.EventQueue$2.run()Ljava/lang/Object;+1
v  ~StubRoutines::call_stub
j  java.security.AccessController.doPrivileged(Ljava/security/PrivilegedAction;Ljava/security/AccessControlContext;)Ljava/lang/Object;+0
j  java.security.AccessControlContext$1.doIntersectionPrivilege(Ljava/security/PrivilegedAction;Ljava/security/AccessControlContext;Ljava/security/AccessControlContext;)Ljava/lang/Object;+28
j  java.awt.EventQueue.dispatchEvent(Ljava/awt/AWTEvent;)V+46
j  java.awt.EventDispatchThread.pumpOneEventForFilters(I)Z+204
j  java.awt.EventDispatchThread.pumpEventsForFilter(ILjava/awt/Conditional;Ljava/awt/EventFilter;)V+30
j  java.awt.EventDispatchThread.pumpEventsForHierarchy(ILjava/awt/Conditional;Ljava/awt/Component;)V+11
j  java.awt.EventDispatchThread.pumpEvents(ILjava/awt/Conditional;)V+4
j  java.awt.EventDispatchThread.pumpEvents(Ljava/awt/Conditional;)V+3
j  java.awt.EventDispatchThread.run()V+9
v  ~StubRoutines::call_stub

---------------  P R O C E S S  ---------------

Java Threads: ( => current thread )
  0x000000001491a800 JavaThread "Swing-Shell" daemon [_thread_blocked, id=4436, stack(0x00000000178f0000,0x00000000179f0000)]
  0x00000000148ca800 JavaThread "TimerQueue" daemon [_thread_blocked, id=21456, stack(0x0000000015df0000,0x0000000015ef0000)]
  0x0000000014185000 JavaThread "Image Fetcher 1" daemon [_thread_blocked, id=14568, stack(0x00000000175f0000,0x00000000176f0000)]
  0x000000001445e800 JavaThread "AWT-EventQueue-0-SharedResourceRunner" daemon [_thread_blocked, id=6260, stack(0x0000000015880000,0x0000000015980000)]
  0x0000000008ef5000 JavaThread "Image Fetcher 0" daemon [_thread_blocked, id=6368, stack(0x000000000aa20000,0x000000000ab20000)]
  0x00000000009cc800 JavaThread "DestroyJavaVM" [_thread_blocked, id=21992, stack(0x0000000002620000,0x0000000002720000)]
=>0x0000000007f53800 JavaThread "AWT-EventQueue-0" [_thread_in_native, id=6436, stack(0x0000000008d60000,0x0000000008e60000)]
  0x0000000007ff5800 JavaThread "AWT-Windows" daemon [_thread_in_native, id=10568, stack(0x0000000008b70000,0x0000000008c70000)]
  0x0000000007f52800 JavaThread "AWT-Shutdown" [_thread_blocked, id=5188, stack(0x0000000008a70000,0x0000000008b70000)]
  0x0000000007f82000 JavaThread "Java2D Disposer" daemon [_thread_blocked, id=13128, stack(0x0000000008970000,0x0000000008a70000)]
  0x000000000281e000 JavaThread "Low Memory Detector" daemon [_thread_blocked, id=11532, stack(0x0000000008510000,0x0000000008610000)]
  0x0000000002812800 JavaThread "C2 CompilerThread1" daemon [_thread_blocked, id=4504, stack(0x0000000008410000,0x0000000008510000)]
  0x000000000280a800 JavaThread "C2 CompilerThread0" daemon [_thread_blocked, id=1384, stack(0x0000000008310000,0x0000000008410000)]
  0x0000000002808000 JavaThread "Attach Listener" daemon [_thread_blocked, id=22004, stack(0x0000000008210000,0x0000000008310000)]
  0x0000000002807000 JavaThread "Signal Dispatcher" daemon [_thread_blocked, id=832, stack(0x0000000008110000,0x0000000008210000)]
  0x00000000027ef000 JavaThread "Finalizer" daemon [_thread_blocked, id=7464, stack(0x0000000007e10000,0x0000000007f10000)]
  0x00000000027ea000 JavaThread "Reference Handler" daemon [_thread_blocked, id=21180, stack(0x0000000007d10000,0x0000000007e10000)]

Other Threads:
  0x00000000027e1000 VMThread [stack: 0x0000000007c10000,0x0000000007d10000] [id=14944]
  0x0000000007f44000 WatcherThread [stack: 0x0000000008610000,0x0000000008710000] [id=21160]

VM state:not at safepoint (normal execution)

VM Mutex/Monitor currently owned by a thread: None

Heap
 PSYoungGen      total 19136K, used 4667K [0x00000007ab200000, 0x00000007ac750000, 0x0000000800000000)
  eden space 16448K, 12% used [0x00000007ab200000,0x00000007ab3f0dc0,0x00000007ac210000)
  from space 2688K, 99% used [0x00000007ac210000,0x00000007ac4ade80,0x00000007ac4b0000)
  to   space 2688K, 0% used [0x00000007ac4b0000,0x00000007ac4b0000,0x00000007ac750000)
 PSOldGen        total 43712K, used 3246K [0x0000000701600000, 0x00000007040b0000, 0x00000007ab200000)
  object space 43712K, 7% used [0x0000000701600000,0x000000070192b880,0x00000007040b0000)
 PSPermGen       total 29888K, used 29843K [0x00000006fc400000, 0x00000006fe130000, 0x0000000701600000)
  object space 29888K, 99% used [0x00000006fc400000,0x00000006fe124ea0,0x00000006fe130000)

Code Cache  [0x0000000002820000, 0x0000000002a90000, 0x0000000005820000)
 total_blobs=969 nmethods=124 adapters=798 free_code_cache=49125056 largest_free_block=18048

Dynamic libraries:
0x0000000000400000 - 0x000000000042f000 	C:\Program Files\Java\jdk1.6.0_45\jre\bin\java.exe
0x00007ffa0d2b0000 - 0x00007ffa0d4c4000 	C:\WINDOWS\SYSTEM32\ntdll.dll
0x00007ffa0c2d0000 - 0x00007ffa0c392000 	C:\WINDOWS\System32\KERNEL32.DLL
0x00007ffa0a7a0000 - 0x00007ffa0ab3d000 	C:\WINDOWS\System32\KERNELBASE.dll
0x00007ffa0b210000 - 0x00007ffa0b2be000 	C:\WINDOWS\System32\ADVAPI32.dll
0x00007ffa0bd50000 - 0x00007ffa0bdf7000 	C:\WINDOWS\System32\msvcrt.dll
0x00007ffa0c060000 - 0x00007ffa0c104000 	C:\WINDOWS\System32\sechost.dll
0x00007ffa0d0d0000 - 0x00007ffa0d1e5000 	C:\WINDOWS\System32\RPCRT4.dll
0x000000006d8e0000 - 0x000000006e09c000 	C:\Program Files\Java\jdk1.6.0_45\jre\bin\server\jvm.dll
0x00007ffa0c120000 - 0x00007ffa0c2ca000 	C:\WINDOWS\System32\USER32.dll
0x00007ffa0ad70000 - 0x00007ffa0ad96000 	C:\WINDOWS\System32\win32u.dll
0x00007ffa0cfa0000 - 0x00007ffa0cfc9000 	C:\WINDOWS\System32\GDI32.dll
0x00007ffa0ada0000 - 0x00007ffa0aeb2000 	C:\WINDOWS\System32\gdi32full.dll
0x00007ffa0ab40000 - 0x00007ffa0abda000 	C:\WINDOWS\System32\msvcp_win.dll
0x00007ffa0ac50000 - 0x00007ffa0ad61000 	C:\WINDOWS\System32\ucrtbase.dll
0x00007ff9ff2c0000 - 0x00007ff9ff2f4000 	C:\WINDOWS\SYSTEM32\WINMM.dll
0x00007ffa0c3a0000 - 0x00007ffa0c3d2000 	C:\WINDOWS\System32\IMM32.DLL
0x000000006d850000 - 0x000000006d85e000 	C:\Program Files\Java\jdk1.6.0_45\jre\bin\verify.dll
0x000000006d460000 - 0x000000006d487000 	C:\Program Files\Java\jdk1.6.0_45\jre\bin\java.dll
0x000000006d8a0000 - 0x000000006d8b2000 	C:\Program Files\Java\jdk1.6.0_45\jre\bin\zip.dll
0x000000006d0a0000 - 0x000000006d264000 	C:\Program Files\Java\jdk1.6.0_45\jre\bin\awt.dll
0x00007ffa0bec0000 - 0x00007ffa0c05c000 	C:\WINDOWS\System32\ole32.dll
0x00007ff9fc030000 - 0x00007ff9fc0ca000 	C:\WINDOWS\SYSTEM32\WINSPOOL.DRV
0x00007ffa0c570000 - 0x00007ffa0c8fa000 	C:\WINDOWS\System32\combase.dll
0x00007ffa0b3b0000 - 0x00007ffa0bb90000 	C:\WINDOWS\System32\SHELL32.dll
0x00007ff9f68a0000 - 0x00007ff9f6b2e000 	C:\WINDOWS\WinSxS\amd64_microsoft.windows.common-controls_6595b64144ccf1df_6.0.22621.608_none_a9444ca7c10bb01d\COMCTL32.dll
0x00007ffa07b00000 - 0x00007ffa07b97000 	C:\WINDOWS\SYSTEM32\apphelp.dll
0x00007ffa07f40000 - 0x00007ffa07f6b000 	C:\WINDOWS\system32\DWMAPI.DLL
0x00007ffa07ca0000 - 0x00007ffa07d4b000 	C:\WINDOWS\system32\uxtheme.dll
0x00007ffa0ce20000 - 0x00007ffa0cf3e000 	C:\WINDOWS\System32\MSCTF.dll
0x00007ffa09710000 - 0x00007ffa09728000 	C:\WINDOWS\SYSTEM32\kernel.appcore.dll
0x00007ffa0b030000 - 0x00007ffa0b0ab000 	C:\WINDOWS\System32\bcryptPrimitives.dll
0x00007ffa0cf40000 - 0x00007ffa0cf9e000 	C:\WINDOWS\System32\SHLWAPI.dll
0x00007ffa0c460000 - 0x00007ffa0c551000 	C:\WINDOWS\System32\shcore.dll
0x000000006d340000 - 0x000000006d3b5000 	C:\Program Files\Java\jdk1.6.0_45\jre\bin\fontmanager.dll
0x00007ff9fedc0000 - 0x00007ff9fef69000 	C:\WINDOWS\system32\d3d9.dll
0x00007ffa07de0000 - 0x00007ffa07e16000 	C:\WINDOWS\SYSTEM32\dxcore.dll
0x00007ff9ffaa0000 - 0x00007ff9ffb5e000 	C:\WINDOWS\System32\DriverStore\FileRepository\nv_dispi.inf_amd64_009debfbd2e1619b\nvldumdx.dll
0x00007ffa00320000 - 0x00007ffa0032a000 	C:\WINDOWS\SYSTEM32\VERSION.dll
0x00007ffa0a280000 - 0x00007ffa0a292000 	C:\WINDOWS\SYSTEM32\msasn1.dll
0x00007ff9ffcc0000 - 0x00007ff9ffcf2000 	C:\WINDOWS\SYSTEM32\cryptnet.dll
0x00007ffa0aec0000 - 0x00007ffa0b026000 	C:\WINDOWS\System32\CRYPT32.dll
0x00007ff9ffb60000 - 0x00007ff9ffcb8000 	C:\WINDOWS\SYSTEM32\drvstore.dll
0x00007ffa0a2f0000 - 0x00007ffa0a323000 	C:\WINDOWS\SYSTEM32\devobj.dll
0x00007ffa0a2a0000 - 0x00007ffa0a2ee000 	C:\WINDOWS\SYSTEM32\cfgmgr32.dll
0x00007ffa09de0000 - 0x00007ffa09e28000 	C:\WINDOWS\SYSTEM32\wldp.dll
0x00007ffa09d50000 - 0x00007ffa09d5c000 	C:\WINDOWS\SYSTEM32\cryptbase.dll
0x00007ffa0abe0000 - 0x00007ffa0ac49000 	C:\WINDOWS\System32\WINTRUST.DLL
0x00007ffa0c900000 - 0x00007ffa0c91f000 	C:\WINDOWS\System32\imagehlp.dll
0x00007ffa09e70000 - 0x00007ffa09e8b000 	C:\WINDOWS\SYSTEM32\CRYPTSP.dll
0x00007ffa09680000 - 0x00007ffa096b5000 	C:\WINDOWS\system32\rsaenh.dll
0x00007ffa09f90000 - 0x00007ffa09fb8000 	C:\WINDOWS\SYSTEM32\bcrypt.dll
0x00007ff978140000 - 0x00007ff97a749000 	C:\WINDOWS\System32\DriverStore\FileRepository\nv_dispi.inf_amd64_009debfbd2e1619b\nvd3dumx.dll
0x00007ffa03e20000 - 0x00007ffa03e69000 	C:\WINDOWS\SYSTEM32\directxdatabasehelper.dll
0x00007ffa086d0000 - 0x00007ffa08f95000 	C:\WINDOWS\SYSTEM32\windows.storage.dll
0x00007ffa08590000 - 0x00007ffa086ce000 	C:\WINDOWS\SYSTEM32\wintypes.dll
0x00007ff9b0010000 - 0x00007ff9b02df000 	C:\WINDOWS\system32\nvspcap64.dll
0x00007ffa0a610000 - 0x00007ffa0a631000 	C:\WINDOWS\SYSTEM32\profapi.dll
0x00007ffa09730000 - 0x00007ffa09764000 	C:\WINDOWS\SYSTEM32\ntmarta.dll
0x00007ffa09bd0000 - 0x00007ffa09bf6000 	C:\WINDOWS\SYSTEM32\gpapi.dll
0x000000006d6c0000 - 0x000000006d6d7000 	C:\Program Files\Java\jdk1.6.0_45\jre\bin\net.dll
0x00007ffa0c3e0000 - 0x00007ffa0c451000 	C:\WINDOWS\System32\WS2_32.dll
0x00007ffa09b60000 - 0x00007ffa09bc9000 	C:\WINDOWS\system32\mswsock.dll
0x000000006d6e0000 - 0x000000006d6ec000 	C:\Program Files\Java\jdk1.6.0_45\jre\bin\nio.dll
0x00007ffa09c00000 - 0x00007ffa09c28000 	C:\WINDOWS\SYSTEM32\USERENV.dll
0x00007ff9dfb00000 - 0x00007ff9dfb17000 	C:\WINDOWS\system32\napinsp.dll
0x00007ff9df8b0000 - 0x00007ff9df8cb000 	C:\WINDOWS\system32\pnrpnsp.dll
0x00007ffa09260000 - 0x00007ffa09352000 	C:\WINDOWS\SYSTEM32\DNSAPI.dll
0x00007ffa09230000 - 0x00007ffa0925d000 	C:\WINDOWS\SYSTEM32\IPHLPAPI.DLL
0x00007ffa0c560000 - 0x00007ffa0c569000 	C:\WINDOWS\System32\NSI.dll
0x00007ff9dc3e0000 - 0x00007ff9dc3f1000 	C:\WINDOWS\System32\winrnr.dll
0x00007ffa036c0000 - 0x00007ffa036d5000 	C:\WINDOWS\system32\wshbth.dll
0x00007ff9db380000 - 0x00007ff9db3a1000 	C:\WINDOWS\system32\nlansp_c.dll
0x00007ff9f5df0000 - 0x00007ff9f5dfa000 	C:\Windows\System32\rasadhlp.dll
0x00007ffa02580000 - 0x00007ffa02603000 	C:\WINDOWS\System32\fwpuclnt.dll
0x00000000637c0000 - 0x00000000637cd000 	V:\Temp\jogamp_0000\file_cache\jln2123146092751787195\jln8704369707120662196\natives\windows-amd64\gluegen-rt.dll
0x000000006d4a0000 - 0x000000006d4a7000 	C:\Program Files\Java\jdk1.6.0_45\jre\bin\jawt.dll
0x000000006a440000 - 0x000000006a44d000 	V:\Temp\jogamp_0000\file_cache\jln2123146092751787195\jln8704369707120662196\natives\windows-amd64\nativewindow_awt.dll
0x000000006c100000 - 0x000000006c10f000 	V:\Temp\jogamp_0000\file_cache\jln2123146092751787195\jln8704369707120662196\natives\windows-amd64\nativewindow_win32.dll
0x00007ff9a1a20000 - 0x00007ff9a1b20000 	C:\WINDOWS\SYSTEM32\OpenGL32.dll
0x00007ff9f45f0000 - 0x00007ff9f461d000 	C:\WINDOWS\SYSTEM32\GLU32.dll
0x0000000064500000 - 0x00000000645b1000 	V:\Temp\jogamp_0000\file_cache\jln2123146092751787195\jln8704369707120662196\natives\windows-amd64\jogl_desktop.dll
0x00007ffa0b2c0000 - 0x00007ffa0b397000 	C:\WINDOWS\System32\OLEAUT32.dll
0x0000000064340000 - 0x00000000643a2000 	V:\Temp\jogamp_0000\file_cache\jln2123146092751787195\jln8704369707120662196\natives\windows-amd64\jogl_mobile.dll
0x00007ffa0be00000 - 0x00007ffa0beb7000 	C:\WINDOWS\System32\clbcatq.dll
0x00007ffa03ca0000 - 0x00007ffa03dd6000 	C:\Windows\System32\AppXDeploymentClient.dll
0x00007ff99b170000 - 0x00007ff99eaa1000 	C:\WINDOWS\System32\DriverStore\FileRepository\nv_dispi.inf_amd64_009debfbd2e1619b\nvoglv64.dll
0x00007ffa0c9a0000 - 0x00007ffa0ce1a000 	C:\WINDOWS\System32\SETUPAPI.dll
0x00007ffa07ba0000 - 0x00007ffa07bb4000 	C:\WINDOWS\SYSTEM32\WTSAPI32.dll
0x00007ffa0a5b0000 - 0x00007ffa0a5fd000 	C:\WINDOWS\SYSTEM32\powrprof.dll
0x00007ffa0a590000 - 0x00007ffa0a5a3000 	C:\WINDOWS\SYSTEM32\UMPDC.dll
0x00007ffa0a510000 - 0x00007ffa0a576000 	C:\WINDOWS\SYSTEM32\WINSTA.dll
0x00007ff9dd740000 - 0x00007ff9dd79e000 	C:\WINDOWS\system32\dataexchange.dll
0x00007ffa00d00000 - 0x00007ffa00f6a000 	C:\WINDOWS\system32\twinapi.appcore.dll
0x00007ffa05940000 - 0x00007ffa05a40000 	C:\WINDOWS\system32\propsys.dll
0x00007ff9df650000 - 0x00007ff9df6ec000 	C:\Windows\System32\Windows.FileExplorer.Common.dll
0x00007ff9f6060000 - 0x00007ff9f614b000 	C:\Windows\System32\Windows.StateRepositoryPS.dll
0x00007ffa01290000 - 0x00007ffa012cd000 	C:\WINDOWS\SYSTEM32\windows.staterepositoryclient.dll
0x00007ff9df1d0000 - 0x00007ff9df646000 	C:\WINDOWS\system32\windowsudk.shellcommon.dll
0x00007ffa045e0000 - 0x00007ffa04617000 	C:\WINDOWS\system32\XmlLite.dll
0x00007ff9f5eb0000 - 0x00007ff9f5f53000 	C:\Windows\System32\OneCoreCommonProxyStub.dll
0x00007ff9e2980000 - 0x00007ff9e29da000 	C:\Windows\System32\vaultcli.dll
0x00007ff9de5a0000 - 0x00007ff9de5ba000 	C:\WINDOWS\system32\NetworkExplorer.dll
0x00007ffa05cf0000 - 0x00007ffa05ea0000 	C:\WINDOWS\SYSTEM32\WindowsCodecs.dll
0x00007ff9dcbf0000 - 0x00007ff9dcc5e000 	C:\Windows\System32\thumbcache.dll
0x00007ffa06290000 - 0x00007ffa06335000 	C:\WINDOWS\SYSTEM32\policymanager.dll
0x00007ffa05a60000 - 0x00007ffa05af3000 	C:\WINDOWS\SYSTEM32\msvcp110_win.dll
0x00007ff9fc880000 - 0x00007ff9fca70000 	C:\Windows\System32\urlmon.dll
0x00007ffa02280000 - 0x00007ffa022a8000 	C:\Windows\System32\srvcli.dll
0x00007ff9fe080000 - 0x00007ff9fe331000 	C:\Windows\System32\iertutil.dll
0x00007ffa091b0000 - 0x00007ffa091bc000 	C:\Windows\System32\netutils.dll
0x00007ffa09960000 - 0x00007ffa099a2000 	C:\Windows\System32\SspiCli.dll
0x00007ffa02340000 - 0x00007ffa0235e000 	C:\WINDOWS\SYSTEM32\MPR.dll
0x00007ffa03bb0000 - 0x00007ffa03bd9000 	C:\WINDOWS\System32\p9np.dll
0x00007ffa03ba0000 - 0x00007ffa03bac000 	C:\WINDOWS\System32\drprov.dll
0x00007ffa03b80000 - 0x00007ffa03b99000 	C:\WINDOWS\System32\ntlanman.dll
0x00007ffa036e0000 - 0x00007ffa036ff000 	C:\WINDOWS\System32\davclnt.dll
0x00007ffa037e0000 - 0x00007ffa037fa000 	C:\WINDOWS\System32\wkscli.dll
0x00007ff9fe8b0000 - 0x00007ff9fe8c2000 	C:\WINDOWS\SYSTEM32\cscapi.dll
0x00007ffa01350000 - 0x00007ffa01485000 	C:\Windows\System32\Windows.System.Launcher.dll
0x00007ffa01e30000 - 0x00007ffa01e4a000 	C:\WINDOWS\SYSTEM32\windows.staterepositorycore.dll
0x00007ff9f37c0000 - 0x00007ff9f3816000 	C:\Windows\System32\dlnashext.dll
0x00007ff9aa570000 - 0x00007ff9aa5d9000 	C:\Windows\System32\PlayToDevice.dll
0x00007ff9e5040000 - 0x00007ff9e5061000 	C:\Windows\System32\DevDispItemProvider.dll
0x00007ff9fb800000 - 0x00007ff9fb89d000 	C:\WINDOWS\System32\MMDevApi.dll
0x00007ff9aa4c0000 - 0x00007ff9aa561000 	C:\WINDOWS\system32\wpdshext.dll
0x00007ff9fae20000 - 0x00007ff9fafd9000 	C:\WINDOWS\WinSxS\amd64_microsoft.windows.gdiplus_6595b64144ccf1df_1.1.22621.819_none_da30437f1b9d3de1\gdiplus.dll
0x00007ffa04320000 - 0x00007ffa043be000 	C:\Windows\System32\PortableDeviceApi.dll

VM Arguments:
jvm_args: -Dfile.encoding=UTF-8 -verbose:gc -Xms64m -Dwpbd.develop -Djava.library.path=C:/Users/Freddie/Projects/bdc/lib/jogamp-all-platforms/lib/windows-amd64 
java_command: bridgedesigner.BDApp
Launcher Type: SUN_STANDARD

Environment Variables:
JAVA_HOME=C:\Program Files\Java\jdk-18.0.2.1
PATH=C:\Program Files\Common Files\Oracle\Java\javapath;C:\Python310\Scripts\;C:\Python310\;C:\Program Files (x86)\Common Files\Intel\Shared Libraries\redist\intel64\compiler;C:\Windows\system32;C:\Windows;C:\Windows\System32\Wbem;C:\Windows\System32\WindowsPowerShell\v1.0\;C:\Windows\System32\OpenSSH\;C:\Program Files\NVIDIA Corporation\NVIDIA NvDLISR;C:\Program Files (x86)\NVIDIA Corporation\PhysX\Common;C:\Program Files\Microsoft SQL Server\130\Tools\Binn\;C:\Program Files\Microsoft SQL Server\Client SDK\ODBC\170\Tools\Binn\;C:\Program Files (x86)\Calibre2\;C:\Program Files\Mu\bin;C:\Program Files\Git\cmd;C:\Users\Frank\AppData\Roaming\nvm;C:\Program Files\nodejs;c:\page;C:\Program Files\Microsoft VS Code\bin;C:\WINDOWS\system32;C:\WINDOWS;C:\WINDOWS\System32\Wbem;C:\WINDOWS\System32\WindowsPowerShell\v1.0\;C:\WINDOWS\System32\OpenSSH\;C:\Program Files\dotnet\;C:\ProgramData\chocolatey\bin;C:\Program Files\nodejs\;C:\Program Files\Microsoft SQL Server\150\Tools\Binn\;C:\Program Files (x86)\dotnet\;C:\Program Files\Docker\Docker\resources\bin;C:\ProgramData\DockerDesktop\version-bin;C:\apache-ant-1.10.12\bin;;C:\WINDOWS\system32;C:\WINDOWS;C:\WINDOWS\System32\Wbem;C:\WINDOWS\System32\WindowsPowerShell\v1.0\;C:\WINDOWS\System32\OpenSSH\;C:\Program Files\PowerShell\7\;C:\Program Files (x86)\Windows Kits\10\Windows Performance Toolkit\;C:\Users\Frank\AppData\Local\Microsoft\WindowsApps;C:\Users\Frank\AppData\Roaming\nvm;C:\Program Files\nodejs;C:\Users\Frank\.dotnet\tools;C:\Users\Frank\AppData\Roaming\npm;C:\Users\Frank\AppData\Local\Programs\Microsoft VS Code Insiders\bin;;USERPROFILE\AppData\Local\Microsoft\WindowsApps
USERNAME=Frank
OS=Windows_NT
PROCESSOR_IDENTIFIER=AMD64 Family 23 Model 8 Stepping 2, AuthenticAMD



---------------  S Y S T E M  ---------------

OS: Windows 8 , 64 bit Build 9200 

CPU:total 12 (12 cores per cpu, 1 threads per core) family 23 model 8 stepping 2, cmov, cx8, fxsr, mmx, sse, sse2, sse3, ssse3, sse4.1, sse4.2, popcnt, mmxext, 3dnowpref, lzcnt, sse4a

Memory: 4k page, physical 16687000k(5293632k free), swap 19701656k(4346408k free)

vm_info: Java HotSpot(TM) 64-Bit Server VM (20.45-b01) for windows-amd64 JRE (1.6.0_45-b06), built on Apr  1 2013 12:31:37 by "java_re" with MS VC++ 8.0 (VS2005)

time: Mon Nov 28 17:21:04 2022
elapsed time: 3 seconds

